<?xml version="1.0" encoding="UTF-8"?>
<testsuite xmlns:xsi="http://www.w3.org/2001/XMLSchema-instance" xsi:noNamespaceSchemaLocation="https://maven.apache.org/surefire/maven-surefire-plugin/xsd/surefire-test-report.xsd" name="com.ps.demo.BitCoinServiceApplicationTests" time="0.044" tests="1" errors="0" skipped="0" failures="0">
  <properties>
    <property name="sun.desktop" value="gnome"/>
    <property name="awt.toolkit" value="sun.awt.X11.XToolkit"/>
    <property name="file.encoding.pkg" value="sun.io"/>
    <property name="java.specification.version" value="1.8"/>
    <property name="sun.cpu.isalist" value=""/>
    <property name="sun.jnu.encoding" value="UTF-8"/>
    <property name="java.class.path" value="/home/vvikram/vikram-ms/Vikram/BitCoinService/target/test-classes:/home/vvikram/vikram-ms/Vikram/BitCoinService/target/classes:/home/vvikram/.m2/repository/org/springframework/boot/spring-boot-starter-web/2.5.12/spring-boot-starter-web-2.5.12.jar:/home/vvikram/.m2/repository/org/springframework/boot/spring-boot-starter/2.5.12/spring-boot-starter-2.5.12.jar:/home/vvikram/.m2/repository/org/springframework/boot/spring-boot-starter-logging/2.5.12/spring-boot-starter-logging-2.5.12.jar:/home/vvikram/.m2/repository/ch/qos/logback/logback-classic/1.2.11/logback-classic-1.2.11.jar:/home/vvikram/.m2/repository/ch/qos/logback/logback-core/1.2.11/logback-core-1.2.11.jar:/home/vvikram/.m2/repository/org/apache/logging/log4j/log4j-to-slf4j/2.17.2/log4j-to-slf4j-2.17.2.jar:/home/vvikram/.m2/repository/org/apache/logging/log4j/log4j-api/2.17.2/log4j-api-2.17.2.jar:/home/vvikram/.m2/repository/org/slf4j/jul-to-slf4j/1.7.36/jul-to-slf4j-1.7.36.jar:/home/vvikram/.m2/repository/jakarta/annotation/jakarta.annotation-api/1.3.5/jakarta.annotation-api-1.3.5.jar:/home/vvikram/.m2/repository/org/yaml/snakeyaml/1.28/snakeyaml-1.28.jar:/home/vvikram/.m2/repository/org/springframework/boot/spring-boot-starter-json/2.5.12/spring-boot-starter-json-2.5.12.jar:/home/vvikram/.m2/repository/com/fasterxml/jackson/core/jackson-databind/2.12.6.1/jackson-databind-2.12.6.1.jar:/home/vvikram/.m2/repository/com/fasterxml/jackson/core/jackson-core/2.12.6/jackson-core-2.12.6.jar:/home/vvikram/.m2/repository/com/fasterxml/jackson/datatype/jackson-datatype-jdk8/2.12.6/jackson-datatype-jdk8-2.12.6.jar:/home/vvikram/.m2/repository/com/fasterxml/jackson/datatype/jackson-datatype-jsr310/2.12.6/jackson-datatype-jsr310-2.12.6.jar:/home/vvikram/.m2/repository/com/fasterxml/jackson/module/jackson-module-parameter-names/2.12.6/jackson-module-parameter-names-2.12.6.jar:/home/vvikram/.m2/repository/org/springframework/boot/spring-boot-starter-tomcat/2.5.12/spring-boot-starter-tomcat-2.5.12.jar:/home/vvikram/.m2/repository/org/apache/tomcat/embed/tomcat-embed-core/9.0.60/tomcat-embed-core-9.0.60.jar:/home/vvikram/.m2/repository/org/apache/tomcat/embed/tomcat-embed-el/9.0.60/tomcat-embed-el-9.0.60.jar:/home/vvikram/.m2/repository/org/apache/tomcat/embed/tomcat-embed-websocket/9.0.60/tomcat-embed-websocket-9.0.60.jar:/home/vvikram/.m2/repository/org/springframework/spring-web/5.3.18/spring-web-5.3.18.jar:/home/vvikram/.m2/repository/org/springframework/spring-beans/5.3.18/spring-beans-5.3.18.jar:/home/vvikram/.m2/repository/org/springframework/spring-webmvc/5.3.18/spring-webmvc-5.3.18.jar:/home/vvikram/.m2/repository/org/springframework/spring-aop/5.3.18/spring-aop-5.3.18.jar:/home/vvikram/.m2/repository/org/springframework/spring-context/5.3.18/spring-context-5.3.18.jar:/home/vvikram/.m2/repository/org/springframework/spring-expression/5.3.18/spring-expression-5.3.18.jar:/home/vvikram/.m2/repository/io/springfox/springfox-swagger2/2.9.2/springfox-swagger2-2.9.2.jar:/home/vvikram/.m2/repository/io/swagger/swagger-annotations/1.5.20/swagger-annotations-1.5.20.jar:/home/vvikram/.m2/repository/io/swagger/swagger-models/1.5.20/swagger-models-1.5.20.jar:/home/vvikram/.m2/repository/com/fasterxml/jackson/core/jackson-annotations/2.12.6/jackson-annotations-2.12.6.jar:/home/vvikram/.m2/repository/io/springfox/springfox-spi/2.9.2/springfox-spi-2.9.2.jar:/home/vvikram/.m2/repository/io/springfox/springfox-core/2.9.2/springfox-core-2.9.2.jar:/home/vvikram/.m2/repository/io/springfox/springfox-schema/2.9.2/springfox-schema-2.9.2.jar:/home/vvikram/.m2/repository/io/springfox/springfox-swagger-common/2.9.2/springfox-swagger-common-2.9.2.jar:/home/vvikram/.m2/repository/io/springfox/springfox-spring-web/2.9.2/springfox-spring-web-2.9.2.jar:/home/vvikram/.m2/repository/com/google/guava/guava/20.0/guava-20.0.jar:/home/vvikram/.m2/repository/com/fasterxml/classmate/1.5.1/classmate-1.5.1.jar:/home/vvikram/.m2/repository/org/slf4j/slf4j-api/1.7.36/slf4j-api-1.7.36.jar:/home/vvikram/.m2/repository/org/springframework/plugin/spring-plugin-core/1.2.0.RELEASE/spring-plugin-core-1.2.0.RELEASE.jar:/home/vvikram/.m2/repository/org/springframework/plugin/spring-plugin-metadata/1.2.0.RELEASE/spring-plugin-metadata-1.2.0.RELEASE.jar:/home/vvikram/.m2/repository/org/mapstruct/mapstruct/1.2.0.Final/mapstruct-1.2.0.Final.jar:/home/vvikram/.m2/repository/io/springfox/springfox-swagger-ui/2.9.2/springfox-swagger-ui-2.9.2.jar:/home/vvikram/.m2/repository/org/springframework/boot/spring-boot-devtools/2.5.12/spring-boot-devtools-2.5.12.jar:/home/vvikram/.m2/repository/org/springframework/boot/spring-boot/2.5.12/spring-boot-2.5.12.jar:/home/vvikram/.m2/repository/org/springframework/boot/spring-boot-autoconfigure/2.5.12/spring-boot-autoconfigure-2.5.12.jar:/home/vvikram/.m2/repository/org/springframework/boot/spring-boot-starter-test/2.5.12/spring-boot-starter-test-2.5.12.jar:/home/vvikram/.m2/repository/org/springframework/boot/spring-boot-test/2.5.12/spring-boot-test-2.5.12.jar:/home/vvikram/.m2/repository/org/springframework/boot/spring-boot-test-autoconfigure/2.5.12/spring-boot-test-autoconfigure-2.5.12.jar:/home/vvikram/.m2/repository/com/jayway/jsonpath/json-path/2.5.0/json-path-2.5.0.jar:/home/vvikram/.m2/repository/net/minidev/json-smart/2.4.8/json-smart-2.4.8.jar:/home/vvikram/.m2/repository/net/minidev/accessors-smart/2.4.8/accessors-smart-2.4.8.jar:/home/vvikram/.m2/repository/org/ow2/asm/asm/9.1/asm-9.1.jar:/home/vvikram/.m2/repository/jakarta/xml/bind/jakarta.xml.bind-api/2.3.3/jakarta.xml.bind-api-2.3.3.jar:/home/vvikram/.m2/repository/jakarta/activation/jakarta.activation-api/1.2.2/jakarta.activation-api-1.2.2.jar:/home/vvikram/.m2/repository/org/assertj/assertj-core/3.19.0/assertj-core-3.19.0.jar:/home/vvikram/.m2/repository/org/hamcrest/hamcrest/2.2/hamcrest-2.2.jar:/home/vvikram/.m2/repository/org/junit/jupiter/junit-jupiter/5.7.2/junit-jupiter-5.7.2.jar:/home/vvikram/.m2/repository/org/junit/jupiter/junit-jupiter-api/5.7.2/junit-jupiter-api-5.7.2.jar:/home/vvikram/.m2/repository/org/apiguardian/apiguardian-api/1.1.0/apiguardian-api-1.1.0.jar:/home/vvikram/.m2/repository/org/opentest4j/opentest4j/1.2.0/opentest4j-1.2.0.jar:/home/vvikram/.m2/repository/org/junit/platform/junit-platform-commons/1.7.2/junit-platform-commons-1.7.2.jar:/home/vvikram/.m2/repository/org/junit/jupiter/junit-jupiter-params/5.7.2/junit-jupiter-params-5.7.2.jar:/home/vvikram/.m2/repository/org/junit/jupiter/junit-jupiter-engine/5.7.2/junit-jupiter-engine-5.7.2.jar:/home/vvikram/.m2/repository/org/junit/platform/junit-platform-engine/1.7.2/junit-platform-engine-1.7.2.jar:/home/vvikram/.m2/repository/org/mockito/mockito-core/3.9.0/mockito-core-3.9.0.jar:/home/vvikram/.m2/repository/net/bytebuddy/byte-buddy/1.10.22/byte-buddy-1.10.22.jar:/home/vvikram/.m2/repository/net/bytebuddy/byte-buddy-agent/1.10.22/byte-buddy-agent-1.10.22.jar:/home/vvikram/.m2/repository/org/objenesis/objenesis/3.2/objenesis-3.2.jar:/home/vvikram/.m2/repository/org/mockito/mockito-junit-jupiter/3.9.0/mockito-junit-jupiter-3.9.0.jar:/home/vvikram/.m2/repository/org/skyscreamer/jsonassert/1.5.0/jsonassert-1.5.0.jar:/home/vvikram/.m2/repository/com/vaadin/external/google/android-json/0.0.20131108.vaadin1/android-json-0.0.20131108.vaadin1.jar:/home/vvikram/.m2/repository/org/springframework/spring-core/5.3.18/spring-core-5.3.18.jar:/home/vvikram/.m2/repository/org/springframework/spring-jcl/5.3.18/spring-jcl-5.3.18.jar:/home/vvikram/.m2/repository/org/springframework/spring-test/5.3.18/spring-test-5.3.18.jar:/home/vvikram/.m2/repository/org/xmlunit/xmlunit-core/2.8.4/xmlunit-core-2.8.4.jar:"/>
    <property name="java.vm.vendor" value="Private Build"/>
    <property name="sun.arch.data.model" value="64"/>
    <property name="java.vendor.url" value="http://java.oracle.com/"/>
    <property name="user.timezone" value=""/>
    <property name="java.vm.specification.version" value="1.8"/>
    <property name="os.name" value="Linux"/>
    <property name="user.country" value="IN"/>
    <property name="sun.java.launcher" value="SUN_STANDARD"/>
    <property name="sun.boot.library.path" value="/usr/lib/jvm/java-8-openjdk-amd64/jre/lib/amd64"/>
    <property name="sun.java.command" value="/home/vvikram/vikram-ms/Vikram/BitCoinService/target/surefire/surefirebooter1111794342673639564.jar /home/vvikram/vikram-ms/Vikram/BitCoinService/target/surefire 2022-09-28T10-29-14_613-jvmRun1 surefire6977984171254058742tmp surefire_06994245044042290609tmp"/>
    <property name="surefire.test.class.path" value="/home/vvikram/vikram-ms/Vikram/BitCoinService/target/test-classes:/home/vvikram/vikram-ms/Vikram/BitCoinService/target/classes:/home/vvikram/.m2/repository/org/springframework/boot/spring-boot-starter-web/2.5.12/spring-boot-starter-web-2.5.12.jar:/home/vvikram/.m2/repository/org/springframework/boot/spring-boot-starter/2.5.12/spring-boot-starter-2.5.12.jar:/home/vvikram/.m2/repository/org/springframework/boot/spring-boot-starter-logging/2.5.12/spring-boot-starter-logging-2.5.12.jar:/home/vvikram/.m2/repository/ch/qos/logback/logback-classic/1.2.11/logback-classic-1.2.11.jar:/home/vvikram/.m2/repository/ch/qos/logback/logback-core/1.2.11/logback-core-1.2.11.jar:/home/vvikram/.m2/repository/org/apache/logging/log4j/log4j-to-slf4j/2.17.2/log4j-to-slf4j-2.17.2.jar:/home/vvikram/.m2/repository/org/apache/logging/log4j/log4j-api/2.17.2/log4j-api-2.17.2.jar:/home/vvikram/.m2/repository/org/slf4j/jul-to-slf4j/1.7.36/jul-to-slf4j-1.7.36.jar:/home/vvikram/.m2/repository/jakarta/annotation/jakarta.annotation-api/1.3.5/jakarta.annotation-api-1.3.5.jar:/home/vvikram/.m2/repository/org/yaml/snakeyaml/1.28/snakeyaml-1.28.jar:/home/vvikram/.m2/repository/org/springframework/boot/spring-boot-starter-json/2.5.12/spring-boot-starter-json-2.5.12.jar:/home/vvikram/.m2/repository/com/fasterxml/jackson/core/jackson-databind/2.12.6.1/jackson-databind-2.12.6.1.jar:/home/vvikram/.m2/repository/com/fasterxml/jackson/core/jackson-core/2.12.6/jackson-core-2.12.6.jar:/home/vvikram/.m2/repository/com/fasterxml/jackson/datatype/jackson-datatype-jdk8/2.12.6/jackson-datatype-jdk8-2.12.6.jar:/home/vvikram/.m2/repository/com/fasterxml/jackson/datatype/jackson-datatype-jsr310/2.12.6/jackson-datatype-jsr310-2.12.6.jar:/home/vvikram/.m2/repository/com/fasterxml/jackson/module/jackson-module-parameter-names/2.12.6/jackson-module-parameter-names-2.12.6.jar:/home/vvikram/.m2/repository/org/springframework/boot/spring-boot-starter-tomcat/2.5.12/spring-boot-starter-tomcat-2.5.12.jar:/home/vvikram/.m2/repository/org/apache/tomcat/embed/tomcat-embed-core/9.0.60/tomcat-embed-core-9.0.60.jar:/home/vvikram/.m2/repository/org/apache/tomcat/embed/tomcat-embed-el/9.0.60/tomcat-embed-el-9.0.60.jar:/home/vvikram/.m2/repository/org/apache/tomcat/embed/tomcat-embed-websocket/9.0.60/tomcat-embed-websocket-9.0.60.jar:/home/vvikram/.m2/repository/org/springframework/spring-web/5.3.18/spring-web-5.3.18.jar:/home/vvikram/.m2/repository/org/springframework/spring-beans/5.3.18/spring-beans-5.3.18.jar:/home/vvikram/.m2/repository/org/springframework/spring-webmvc/5.3.18/spring-webmvc-5.3.18.jar:/home/vvikram/.m2/repository/org/springframework/spring-aop/5.3.18/spring-aop-5.3.18.jar:/home/vvikram/.m2/repository/org/springframework/spring-context/5.3.18/spring-context-5.3.18.jar:/home/vvikram/.m2/repository/org/springframework/spring-expression/5.3.18/spring-expression-5.3.18.jar:/home/vvikram/.m2/repository/io/springfox/springfox-swagger2/2.9.2/springfox-swagger2-2.9.2.jar:/home/vvikram/.m2/repository/io/swagger/swagger-annotations/1.5.20/swagger-annotations-1.5.20.jar:/home/vvikram/.m2/repository/io/swagger/swagger-models/1.5.20/swagger-models-1.5.20.jar:/home/vvikram/.m2/repository/com/fasterxml/jackson/core/jackson-annotations/2.12.6/jackson-annotations-2.12.6.jar:/home/vvikram/.m2/repository/io/springfox/springfox-spi/2.9.2/springfox-spi-2.9.2.jar:/home/vvikram/.m2/repository/io/springfox/springfox-core/2.9.2/springfox-core-2.9.2.jar:/home/vvikram/.m2/repository/io/springfox/springfox-schema/2.9.2/springfox-schema-2.9.2.jar:/home/vvikram/.m2/repository/io/springfox/springfox-swagger-common/2.9.2/springfox-swagger-common-2.9.2.jar:/home/vvikram/.m2/repository/io/springfox/springfox-spring-web/2.9.2/springfox-spring-web-2.9.2.jar:/home/vvikram/.m2/repository/com/google/guava/guava/20.0/guava-20.0.jar:/home/vvikram/.m2/repository/com/fasterxml/classmate/1.5.1/classmate-1.5.1.jar:/home/vvikram/.m2/repository/org/slf4j/slf4j-api/1.7.36/slf4j-api-1.7.36.jar:/home/vvikram/.m2/repository/org/springframework/plugin/spring-plugin-core/1.2.0.RELEASE/spring-plugin-core-1.2.0.RELEASE.jar:/home/vvikram/.m2/repository/org/springframework/plugin/spring-plugin-metadata/1.2.0.RELEASE/spring-plugin-metadata-1.2.0.RELEASE.jar:/home/vvikram/.m2/repository/org/mapstruct/mapstruct/1.2.0.Final/mapstruct-1.2.0.Final.jar:/home/vvikram/.m2/repository/io/springfox/springfox-swagger-ui/2.9.2/springfox-swagger-ui-2.9.2.jar:/home/vvikram/.m2/repository/org/springframework/boot/spring-boot-devtools/2.5.12/spring-boot-devtools-2.5.12.jar:/home/vvikram/.m2/repository/org/springframework/boot/spring-boot/2.5.12/spring-boot-2.5.12.jar:/home/vvikram/.m2/repository/org/springframework/boot/spring-boot-autoconfigure/2.5.12/spring-boot-autoconfigure-2.5.12.jar:/home/vvikram/.m2/repository/org/springframework/boot/spring-boot-starter-test/2.5.12/spring-boot-starter-test-2.5.12.jar:/home/vvikram/.m2/repository/org/springframework/boot/spring-boot-test/2.5.12/spring-boot-test-2.5.12.jar:/home/vvikram/.m2/repository/org/springframework/boot/spring-boot-test-autoconfigure/2.5.12/spring-boot-test-autoconfigure-2.5.12.jar:/home/vvikram/.m2/repository/com/jayway/jsonpath/json-path/2.5.0/json-path-2.5.0.jar:/home/vvikram/.m2/repository/net/minidev/json-smart/2.4.8/json-smart-2.4.8.jar:/home/vvikram/.m2/repository/net/minidev/accessors-smart/2.4.8/accessors-smart-2.4.8.jar:/home/vvikram/.m2/repository/org/ow2/asm/asm/9.1/asm-9.1.jar:/home/vvikram/.m2/repository/jakarta/xml/bind/jakarta.xml.bind-api/2.3.3/jakarta.xml.bind-api-2.3.3.jar:/home/vvikram/.m2/repository/jakarta/activation/jakarta.activation-api/1.2.2/jakarta.activation-api-1.2.2.jar:/home/vvikram/.m2/repository/org/assertj/assertj-core/3.19.0/assertj-core-3.19.0.jar:/home/vvikram/.m2/repository/org/hamcrest/hamcrest/2.2/hamcrest-2.2.jar:/home/vvikram/.m2/repository/org/junit/jupiter/junit-jupiter/5.7.2/junit-jupiter-5.7.2.jar:/home/vvikram/.m2/repository/org/junit/jupiter/junit-jupiter-api/5.7.2/junit-jupiter-api-5.7.2.jar:/home/vvikram/.m2/repository/org/apiguardian/apiguardian-api/1.1.0/apiguardian-api-1.1.0.jar:/home/vvikram/.m2/repository/org/opentest4j/opentest4j/1.2.0/opentest4j-1.2.0.jar:/home/vvikram/.m2/repository/org/junit/platform/junit-platform-commons/1.7.2/junit-platform-commons-1.7.2.jar:/home/vvikram/.m2/repository/org/junit/jupiter/junit-jupiter-params/5.7.2/junit-jupiter-params-5.7.2.jar:/home/vvikram/.m2/repository/org/junit/jupiter/junit-jupiter-engine/5.7.2/junit-jupiter-engine-5.7.2.jar:/home/vvikram/.m2/repository/org/junit/platform/junit-platform-engine/1.7.2/junit-platform-engine-1.7.2.jar:/home/vvikram/.m2/repository/org/mockito/mockito-core/3.9.0/mockito-core-3.9.0.jar:/home/vvikram/.m2/repository/net/bytebuddy/byte-buddy/1.10.22/byte-buddy-1.10.22.jar:/home/vvikram/.m2/repository/net/bytebuddy/byte-buddy-agent/1.10.22/byte-buddy-agent-1.10.22.jar:/home/vvikram/.m2/repository/org/objenesis/objenesis/3.2/objenesis-3.2.jar:/home/vvikram/.m2/repository/org/mockito/mockito-junit-jupiter/3.9.0/mockito-junit-jupiter-3.9.0.jar:/home/vvikram/.m2/repository/org/skyscreamer/jsonassert/1.5.0/jsonassert-1.5.0.jar:/home/vvikram/.m2/repository/com/vaadin/external/google/android-json/0.0.20131108.vaadin1/android-json-0.0.20131108.vaadin1.jar:/home/vvikram/.m2/repository/org/springframework/spring-core/5.3.18/spring-core-5.3.18.jar:/home/vvikram/.m2/repository/org/springframework/spring-jcl/5.3.18/spring-jcl-5.3.18.jar:/home/vvikram/.m2/repository/org/springframework/spring-test/5.3.18/spring-test-5.3.18.jar:/home/vvikram/.m2/repository/org/xmlunit/xmlunit-core/2.8.4/xmlunit-core-2.8.4.jar:"/>
    <property name="sun.cpu.endian" value="little"/>
    <property name="user.home" value="/home/vvikram"/>
    <property name="user.language" value="en"/>
    <property name="java.specification.vendor" value="Oracle Corporation"/>
    <property name="java.home" value="/usr/lib/jvm/java-8-openjdk-amd64/jre"/>
    <property name="basedir" value="/home/vvikram/vikram-ms/Vikram/BitCoinService"/>
    <property name="file.separator" value="/"/>
    <property name="line.separator" value="&#10;"/>
    <property name="java.vm.specification.vendor" value="Oracle Corporation"/>
    <property name="java.specification.name" value="Java Platform API Specification"/>
    <property name="java.awt.graphicsenv" value="sun.awt.X11GraphicsEnvironment"/>
    <property name="surefire.real.class.path" value="/home/vvikram/vikram-ms/Vikram/BitCoinService/target/surefire/surefirebooter1111794342673639564.jar"/>
    <property name="sun.boot.class.path" value="/usr/lib/jvm/java-8-openjdk-amd64/jre/lib/resources.jar:/usr/lib/jvm/java-8-openjdk-amd64/jre/lib/rt.jar:/usr/lib/jvm/java-8-openjdk-amd64/jre/lib/sunrsasign.jar:/usr/lib/jvm/java-8-openjdk-amd64/jre/lib/jsse.jar:/usr/lib/jvm/java-8-openjdk-amd64/jre/lib/jce.jar:/usr/lib/jvm/java-8-openjdk-amd64/jre/lib/charsets.jar:/usr/lib/jvm/java-8-openjdk-amd64/jre/lib/jfr.jar:/usr/lib/jvm/java-8-openjdk-amd64/jre/classes"/>
    <property name="sun.management.compiler" value="HotSpot 64-Bit Tiered Compilers"/>
    <property name="java.runtime.version" value="1.8.0_342-8u342-b07-0ubuntu1~20.04-b07"/>
    <property name="user.name" value="vvikram"/>
    <property name="path.separator" value=":"/>
    <property name="os.version" value="5.4.0-125-generic"/>
    <property name="java.endorsed.dirs" value="/usr/lib/jvm/java-8-openjdk-amd64/jre/lib/endorsed"/>
    <property name="java.runtime.name" value="OpenJDK Runtime Environment"/>
    <property name="file.encoding" value="UTF-8"/>
    <property name="java.vm.name" value="OpenJDK 64-Bit Server VM"/>
    <property name="localRepository" value="/home/vvikram/.m2/repository"/>
    <property name="java.vendor.url.bug" value="http://bugreport.sun.com/bugreport/"/>
    <property name="java.io.tmpdir" value="/tmp"/>
    <property name="java.version" value="1.8.0_342"/>
    <property name="user.dir" value="/home/vvikram/vikram-ms/Vikram/BitCoinService"/>
    <property name="os.arch" value="amd64"/>
    <property name="java.vm.specification.name" value="Java Virtual Machine Specification"/>
    <property name="java.awt.printerjob" value="sun.print.PSPrinterJob"/>
    <property name="sun.os.patch.level" value="unknown"/>
    <property name="java.library.path" value="/usr/java/packages/lib/amd64:/usr/lib/x86_64-linux-gnu/jni:/lib/x86_64-linux-gnu:/usr/lib/x86_64-linux-gnu:/usr/lib/jni:/lib:/usr/lib"/>
    <property name="java.vm.info" value="mixed mode"/>
    <property name="java.vendor" value="Private Build"/>
    <property name="java.vm.version" value="25.342-b07"/>
    <property name="java.ext.dirs" value="/usr/lib/jvm/java-8-openjdk-amd64/jre/lib/ext:/usr/java/packages/lib/ext"/>
    <property name="sun.io.unicode.encoding" value="UnicodeLittle"/>
    <property name="java.class.version" value="52.0"/>
  </properties>
  <testcase name="contextLoads" classname="com.ps.demo.BitCoinServiceApplicationTests" time="0"/>
</testsuite>